<?xml version="1.0" encoding="UTF-8"?>
<!-- Generated by org.testng.reporters.JUnitXMLReporter -->
<testsuite ignored="0" hostname="USBLRMGIRISH7" failures="0" tests="10" name="Suite SimpleGroceryStore" time="9.12" errors="0" timestamp="2024-03-20T16:59:41 IST">
  <testcase classname="api.test.GetAllOrdersBearer" name="getdata" time="2.932"/>
  <testcase classname="api.test.GetAProduct" name="CheckContent" time="0.001"/>
  <testcase classname="api.test.GetAProduct" name="CheckResponseTime" time="0.002"/>
  <testcase classname="api.test.GetAProduct" name="StatusCode" time="0.0"/>
  <testcase classname="api.test.GetAProduct" name="respose" time="0.001"/>
  <testcase classname="api.test.getrequest" name="postReq" time="0.892"/>
  <testcase classname="api.test.GetAllProduct" name="CheckContent" time="0.001"/>
  <testcase classname="api.test.GetAllProduct" name="CheckResponseTime" time="0.001"/>
  <testcase classname="api.test.GetAllProduct" name="StatusCode" time="0.001"/>
  <testcase classname="api.test.GetAllProduct" name="respose" time="0.001"/>
</testsuite> <!-- Suite SimpleGroceryStore -->
