<?xml version="1.0" encoding="UTF-8"?>
<testng-results ignored="0" total="10" passed="10" failed="0" skipped="0">
  <reporter-output>
  </reporter-output>
  <suite started-at="2024-03-20T16:59:32 IST" name="Simple_Grocery_Store" finished-at="2024-03-20T16:59:41 IST" duration-ms="9120">
    <groups>
    </groups>
    <test started-at="2024-03-20T16:59:32 IST" name="Suite SimpleGroceryStore" finished-at="2024-03-20T16:59:41 IST" duration-ms="9120">
      <class name="api.test.GetAllProduct">
        <test-method is-config="true" signature="getProduct()[pri:0, instance:api.test.GetAllProduct@3646a422]" started-at="2024-03-20T16:59:39 IST" name="getProduct" finished-at="2024-03-20T16:59:41 IST" duration-ms="2465" status="PASS">
          <reporter-output>
          </reporter-output>
        </test-method> <!-- getProduct -->
        <test-method signature="CheckContent()[pri:0, instance:api.test.GetAllProduct@3646a422]" started-at="2024-03-20T16:59:41 IST" name="CheckContent" finished-at="2024-03-20T16:59:41 IST" duration-ms="1" status="PASS">
          <reporter-output>
          </reporter-output>
        </test-method> <!-- CheckContent -->
        <test-method signature="CheckResponseTime()[pri:0, instance:api.test.GetAllProduct@3646a422]" started-at="2024-03-20T16:59:41 IST" name="CheckResponseTime" finished-at="2024-03-20T16:59:41 IST" duration-ms="1" status="PASS">
          <reporter-output>
          </reporter-output>
        </test-method> <!-- CheckResponseTime -->
        <test-method signature="StatusCode()[pri:0, instance:api.test.GetAllProduct@3646a422]" started-at="2024-03-20T16:59:41 IST" name="StatusCode" finished-at="2024-03-20T16:59:41 IST" duration-ms="1" status="PASS">
          <reporter-output>
          </reporter-output>
        </test-method> <!-- StatusCode -->
        <test-method signature="respose()[pri:0, instance:api.test.GetAllProduct@3646a422]" started-at="2024-03-20T16:59:41 IST" name="respose" finished-at="2024-03-20T16:59:41 IST" duration-ms="1" status="PASS">
          <reporter-output>
          </reporter-output>
        </test-method> <!-- respose -->
        <test-method is-config="true" signature="tearDown()[pri:0, instance:api.test.GetAllProduct@3646a422]" started-at="2024-03-20T16:59:41 IST" name="tearDown" finished-at="2024-03-20T16:59:41 IST" duration-ms="0" status="PASS">
          <reporter-output>
          </reporter-output>
        </test-method> <!-- tearDown -->
      </class> <!-- api.test.GetAllProduct -->
      <class name="api.test.getrequest">
        <test-method signature="postReq()[pri:0, instance:api.test.getrequest@5ab956d7]" started-at="2024-03-20T16:59:38 IST" name="postReq" finished-at="2024-03-20T16:59:39 IST" duration-ms="892" status="PASS">
          <reporter-output>
          </reporter-output>
        </test-method> <!-- postReq -->
      </class> <!-- api.test.getrequest -->
      <class name="api.test.GetAProduct">
        <test-method is-config="true" signature="getProduct()[pri:0, instance:api.test.GetAProduct@2892d68]" started-at="2024-03-20T16:59:35 IST" name="getProduct" finished-at="2024-03-20T16:59:38 IST" duration-ms="2765" status="PASS">
          <reporter-output>
          </reporter-output>
        </test-method> <!-- getProduct -->
        <test-method signature="CheckContent()[pri:0, instance:api.test.GetAProduct@2892d68]" started-at="2024-03-20T16:59:38 IST" name="CheckContent" finished-at="2024-03-20T16:59:38 IST" duration-ms="1" status="PASS">
          <reporter-output>
          </reporter-output>
        </test-method> <!-- CheckContent -->
        <test-method signature="CheckResponseTime()[pri:0, instance:api.test.GetAProduct@2892d68]" started-at="2024-03-20T16:59:38 IST" name="CheckResponseTime" finished-at="2024-03-20T16:59:38 IST" duration-ms="2" status="PASS">
          <reporter-output>
          </reporter-output>
        </test-method> <!-- CheckResponseTime -->
        <test-method signature="StatusCode()[pri:0, instance:api.test.GetAProduct@2892d68]" started-at="2024-03-20T16:59:38 IST" name="StatusCode" finished-at="2024-03-20T16:59:38 IST" duration-ms="0" status="PASS">
          <reporter-output>
          </reporter-output>
        </test-method> <!-- StatusCode -->
        <test-method signature="respose()[pri:0, instance:api.test.GetAProduct@2892d68]" started-at="2024-03-20T16:59:38 IST" name="respose" finished-at="2024-03-20T16:59:38 IST" duration-ms="1" status="PASS">
          <reporter-output>
          </reporter-output>
        </test-method> <!-- respose -->
        <test-method is-config="true" signature="tearDown()[pri:0, instance:api.test.GetAProduct@2892d68]" started-at="2024-03-20T16:59:38 IST" name="tearDown" finished-at="2024-03-20T16:59:38 IST" duration-ms="0" status="PASS">
          <reporter-output>
          </reporter-output>
        </test-method> <!-- tearDown -->
      </class> <!-- api.test.GetAProduct -->
      <class name="api.test.GetAllOrdersBearer">
        <test-method signature="getdata()[pri:0, instance:api.test.GetAllOrdersBearer@53aac487]" started-at="2024-03-20T16:59:32 IST" name="getdata" finished-at="2024-03-20T16:59:35 IST" duration-ms="2932" status="PASS">
          <reporter-output>
          </reporter-output>
        </test-method> <!-- getdata -->
      </class> <!-- api.test.GetAllOrdersBearer -->
    </test> <!-- Suite SimpleGroceryStore -->
  </suite> <!-- Simple_Grocery_Store -->
</testng-results>
